<?xml version="1.0" encoding="UTF-8"?>
<!-- Generated by org.testng.reporters.JUnitXMLReporter -->
<testsuite ignored="0" hostname="Ameet" failures="15" tests="16" name="Test" time="55.334" errors="0" timestamp="2024-11-27T13:50:46 IST">
  <testcase classname="testcases.RestAssured_TestCases_PL2" name="createAppointmentTest" time="0.079">
    <failure type="java.lang.NullPointerException" message="Cannot invoke &amp;quot;io.restassured.response.Response.statusCode()&amp;quot; because &amp;quot;response&amp;quot; is null">
      <![CDATA[java.lang.NullPointerException: Cannot invoke "io.restassured.response.Response.statusCode()" because "response" is null
at testcases.RestAssured_TestCases_PL2.createAppointmentTest(RestAssured_TestCases_PL2.java:52)
at java.base/java.util.concurrent.ThreadPoolExecutor.runWorker(ThreadPoolExecutor.java:1136)
at java.base/java.util.concurrent.ThreadPoolExecutor$Worker.run(ThreadPoolExecutor.java:635)
at java.base/java.lang.Thread.run(Thread.java:833)
... Removed 12 stack frames]]>
    </failure>
  </testcase> <!-- createAppointmentTest -->
  <testcase classname="testcases.RestAssured_TestCases_PL2" name="searchPatientTest" time="0.009">
    <failure type="java.lang.NullPointerException" message="Cannot invoke &amp;quot;io.restassured.response.Response.statusCode()&amp;quot; because &amp;quot;searchedResponse&amp;quot; is null">
      <![CDATA[java.lang.NullPointerException: Cannot invoke "io.restassured.response.Response.statusCode()" because "searchedResponse" is null
at testcases.RestAssured_TestCases_PL2.searchPatientTest(RestAssured_TestCases_PL2.java:112)
at java.base/java.util.concurrent.ThreadPoolExecutor.runWorker(ThreadPoolExecutor.java:1136)
at java.base/java.util.concurrent.ThreadPoolExecutor$Worker.run(ThreadPoolExecutor.java:635)
at java.base/java.lang.Thread.run(Thread.java:833)
... Removed 12 stack frames]]>
    </failure>
  </testcase> <!-- searchPatientTest -->
  <testcase classname="testcases.RestAssured_TestCases_PL2" name="BookingListTest" time="0.061">
    <failure type="java.lang.NullPointerException" message="Cannot invoke &amp;quot;java.util.Map.get(Object)&amp;quot; because &amp;quot;searchResult&amp;quot; is null">
      <![CDATA[java.lang.NullPointerException: Cannot invoke "java.util.Map.get(Object)" because "searchResult" is null
at testcases.RestAssured_TestCases_PL2.BookingListTest(RestAssured_TestCases_PL2.java:156)
at java.base/java.util.concurrent.ThreadPoolExecutor.runWorker(ThreadPoolExecutor.java:1136)
at java.base/java.util.concurrent.ThreadPoolExecutor$Worker.run(ThreadPoolExecutor.java:635)
at java.base/java.lang.Thread.run(Thread.java:833)
... Removed 12 stack frames]]>
    </failure>
  </testcase> <!-- BookingListTest -->
  <testcase classname="testcases.RestAssured_TestCases_PL2" name="MainStoreTest" time="0.001">
    <failure type="java.lang.NullPointerException" message="Cannot invoke &amp;quot;io.restassured.response.Response.statusCode()&amp;quot; because &amp;quot;stockDetails&amp;quot; is null">
      <![CDATA[java.lang.NullPointerException: Cannot invoke "io.restassured.response.Response.statusCode()" because "stockDetails" is null
at testcases.RestAssured_TestCases_PL2.MainStoreTest(RestAssured_TestCases_PL2.java:204)
at java.base/java.util.concurrent.ThreadPoolExecutor.runWorker(ThreadPoolExecutor.java:1136)
at java.base/java.util.concurrent.ThreadPoolExecutor$Worker.run(ThreadPoolExecutor.java:635)
at java.base/java.lang.Thread.run(Thread.java:833)
... Removed 12 stack frames]]>
    </failure>
  </testcase> <!-- MainStoreTest -->
  <testcase classname="testcases.RestAssured_TestCases_PL2" name="PharmacyStoreTest" time="0.001">
    <failure type="java.lang.NullPointerException" message="Cannot invoke &amp;quot;io.restassured.response.Response.statusCode()&amp;quot; because &amp;quot;pharmacyStoreResponse&amp;quot; is null">
      <![CDATA[java.lang.NullPointerException: Cannot invoke "io.restassured.response.Response.statusCode()" because "pharmacyStoreResponse" is null
at testcases.RestAssured_TestCases_PL2.PharmacyStoreTest(RestAssured_TestCases_PL2.java:240)
at java.base/java.util.concurrent.ThreadPoolExecutor.runWorker(ThreadPoolExecutor.java:1136)
at java.base/java.util.concurrent.ThreadPoolExecutor$Worker.run(ThreadPoolExecutor.java:635)
at java.base/java.lang.Thread.run(Thread.java:833)
... Removed 12 stack frames]]>
    </failure>
  </testcase> <!-- PharmacyStoreTest -->
  <testcase classname="testcases.RestAssured_TestCases_PL2" name="ActivatePharmacyCountTest" time="0.005">
    <failure type="java.lang.NullPointerException" message="Cannot invoke &amp;quot;java.util.Map.get(Object)&amp;quot; because &amp;quot;searchResult&amp;quot; is null">
      <![CDATA[java.lang.NullPointerException: Cannot invoke "java.util.Map.get(Object)" because "searchResult" is null
at testcases.RestAssured_TestCases_PL2.ActivatePharmacyCountTest(RestAssured_TestCases_PL2.java:277)
at java.base/java.util.concurrent.ThreadPoolExecutor.runWorker(ThreadPoolExecutor.java:1136)
at java.base/java.util.concurrent.ThreadPoolExecutor$Worker.run(ThreadPoolExecutor.java:635)
at java.base/java.lang.Thread.run(Thread.java:833)
... Removed 12 stack frames]]>
    </failure>
  </testcase> <!-- ActivatePharmacyCountTest -->
  <testcase classname="testcases.RestAssured_TestCases_PL2" name="DeactivatePharmCountTest" time="0.009">
    <failure type="java.lang.NullPointerException" message="Cannot invoke &amp;quot;io.restassured.response.Response.statusCode()&amp;quot; because &amp;quot;consumptionResponse&amp;quot; is null">
      <![CDATA[java.lang.NullPointerException: Cannot invoke "io.restassured.response.Response.statusCode()" because "consumptionResponse" is null
at testcases.RestAssured_TestCases_PL2.DeactivatePharmCountTest(RestAssured_TestCases_PL2.java:318)
at java.base/java.util.concurrent.ThreadPoolExecutor.runWorker(ThreadPoolExecutor.java:1136)
at java.base/java.util.concurrent.ThreadPoolExecutor$Worker.run(ThreadPoolExecutor.java:635)
at java.base/java.lang.Thread.run(Thread.java:833)
... Removed 12 stack frames]]>
    </failure>
  </testcase> <!-- DeactivatePharmCountTest -->
  <testcase classname="testcases.RestAssured_TestCases_PL2" name="AppointApplicDeptTest" time="0.007">
    <failure type="java.lang.NullPointerException" message="Cannot invoke &amp;quot;io.restassured.response.Response.statusCode()&amp;quot; because &amp;quot;appointResponse&amp;quot; is null">
      <![CDATA[java.lang.NullPointerException: Cannot invoke "io.restassured.response.Response.statusCode()" because "appointResponse" is null
at testcases.RestAssured_TestCases_PL2.AppointApplicDeptTest(RestAssured_TestCases_PL2.java:346)
at java.base/java.util.concurrent.ThreadPoolExecutor.runWorker(ThreadPoolExecutor.java:1136)
at java.base/java.util.concurrent.ThreadPoolExecutor$Worker.run(ThreadPoolExecutor.java:635)
at java.base/java.lang.Thread.run(Thread.java:833)
... Removed 12 stack frames]]>
    </failure>
  </testcase> <!-- AppointApplicDeptTest -->
  <testcase classname="testcases.RestAssured_TestCases_PL2" name="AdmittedPatientsData" time="0.001">
    <failure type="java.lang.NullPointerException" message="Cannot invoke &amp;quot;io.restassured.response.Response.statusCode()&amp;quot; because &amp;quot;admittedPatientResponse&amp;quot; is null">
      <![CDATA[java.lang.NullPointerException: Cannot invoke "io.restassured.response.Response.statusCode()" because "admittedPatientResponse" is null
at testcases.RestAssured_TestCases_PL2.AdmittedPatientsData(RestAssured_TestCases_PL2.java:381)
at java.base/java.util.concurrent.ThreadPoolExecutor.runWorker(ThreadPoolExecutor.java:1136)
at java.base/java.util.concurrent.ThreadPoolExecutor$Worker.run(ThreadPoolExecutor.java:635)
at java.base/java.lang.Thread.run(Thread.java:833)
... Removed 12 stack frames]]>
    </failure>
  </testcase> <!-- AdmittedPatientsData -->
  <testcase classname="testcases.RestAssured_TestCases_PL2" name="GetProfileDataByEmployeeId" time="0.005">
    <failure type="java.lang.NullPointerException" message="Cannot invoke &amp;quot;java.util.Map.get(Object)&amp;quot; because &amp;quot;expectedProfileDetails&amp;quot; is null">
      <![CDATA[java.lang.NullPointerException: Cannot invoke "java.util.Map.get(Object)" because "expectedProfileDetails" is null
at testcases.RestAssured_TestCases_PL2.GetProfileDataByEmployeeId(RestAssured_TestCases_PL2.java:418)
at java.base/java.util.concurrent.ThreadPoolExecutor.runWorker(ThreadPoolExecutor.java:1136)
at java.base/java.util.concurrent.ThreadPoolExecutor$Worker.run(ThreadPoolExecutor.java:635)
at java.base/java.lang.Thread.run(Thread.java:833)
... Removed 12 stack frames]]>
    </failure>
  </testcase> <!-- GetProfileDataByEmployeeId -->
  <testcase classname="testcases.RestAssured_TestCases_PL2" name="addANewDepartment" time="0.003">
    <failure type="java.lang.NullPointerException" message="Cannot invoke &amp;quot;io.restassured.response.Response.statusCode()&amp;quot; because &amp;quot;addANewDepartmentResponse&amp;quot; is null">
      <![CDATA[java.lang.NullPointerException: Cannot invoke "io.restassured.response.Response.statusCode()" because "addANewDepartmentResponse" is null
at testcases.RestAssured_TestCases_PL2.addANewDepartment(RestAssured_TestCases_PL2.java:481)
at java.base/java.util.concurrent.ThreadPoolExecutor.runWorker(ThreadPoolExecutor.java:1136)
at java.base/java.util.concurrent.ThreadPoolExecutor$Worker.run(ThreadPoolExecutor.java:635)
at java.base/java.lang.Thread.run(Thread.java:833)
... Removed 12 stack frames]]>
    </failure>
  </testcase> <!-- addANewDepartment -->
  <testcase classname="testcases.RestAssured_TestCases_PL2" name="GetDepartments" time="0.008">
    <failure type="java.lang.NullPointerException" message="Cannot invoke &amp;quot;io.restassured.response.Response.statusCode()&amp;quot; because &amp;quot;departmentsListResponse&amp;quot; is null">
      <![CDATA[java.lang.NullPointerException: Cannot invoke "io.restassured.response.Response.statusCode()" because "departmentsListResponse" is null
at testcases.RestAssured_TestCases_PL2.GetDepartments(RestAssured_TestCases_PL2.java:509)
at java.base/java.util.concurrent.ThreadPoolExecutor.runWorker(ThreadPoolExecutor.java:1136)
at java.base/java.util.concurrent.ThreadPoolExecutor$Worker.run(ThreadPoolExecutor.java:635)
at java.base/java.lang.Thread.run(Thread.java:833)
... Removed 12 stack frames]]>
    </failure>
  </testcase> <!-- GetDepartments -->
  <testcase classname="testcases.RestAssured_TestCases_PL2" name="EditDepartment" time="0.002">
    <failure type="java.lang.NullPointerException" message="Cannot invoke &amp;quot;java.util.Map.get(Object)&amp;quot; because &amp;quot;searchResult&amp;quot; is null">
      <![CDATA[java.lang.NullPointerException: Cannot invoke "java.util.Map.get(Object)" because "searchResult" is null
at testcases.RestAssured_TestCases_PL2.EditDepartment(RestAssured_TestCases_PL2.java:541)
at java.base/java.util.concurrent.ThreadPoolExecutor.runWorker(ThreadPoolExecutor.java:1136)
at java.base/java.util.concurrent.ThreadPoolExecutor$Worker.run(ThreadPoolExecutor.java:635)
at java.base/java.lang.Thread.run(Thread.java:833)
... Removed 12 stack frames]]>
    </failure>
  </testcase> <!-- EditDepartment -->
  <testcase classname="testcases.RestAssured_TestCases_PL2" name="GetImagingTypes" time="0.012">
    <failure type="java.lang.NullPointerException" message="Cannot invoke &amp;quot;io.restassured.response.Response.statusCode()&amp;quot; because &amp;quot;imagingTypesResponse&amp;quot; is null">
      <![CDATA[java.lang.NullPointerException: Cannot invoke "io.restassured.response.Response.statusCode()" because "imagingTypesResponse" is null
at testcases.RestAssured_TestCases_PL2.GetImagingTypes(RestAssured_TestCases_PL2.java:587)
at java.base/java.util.concurrent.ThreadPoolExecutor.runWorker(ThreadPoolExecutor.java:1136)
at java.base/java.util.concurrent.ThreadPoolExecutor$Worker.run(ThreadPoolExecutor.java:635)
at java.base/java.lang.Thread.run(Thread.java:833)
... Removed 12 stack frames]]>
    </failure>
  </testcase> <!-- GetImagingTypes -->
  <testcase classname="testcases.RestAssured_TestCases_PL2" name="GetSignatoriesByDepartment" time="0.002">
    <failure type="java.lang.NullPointerException" message="Cannot invoke &amp;quot;io.restassured.response.Response.statusCode()&amp;quot; because &amp;quot;signDetailsFromDeptResponse&amp;quot; is null">
      <![CDATA[java.lang.NullPointerException: Cannot invoke "io.restassured.response.Response.statusCode()" because "signDetailsFromDeptResponse" is null
at testcases.RestAssured_TestCases_PL2.GetSignatoriesByDepartment(RestAssured_TestCases_PL2.java:624)
at java.base/java.util.concurrent.ThreadPoolExecutor.runWorker(ThreadPoolExecutor.java:1136)
at java.base/java.util.concurrent.ThreadPoolExecutor$Worker.run(ThreadPoolExecutor.java:635)
at java.base/java.lang.Thread.run(Thread.java:833)
... Removed 12 stack frames]]>
    </failure>
  </testcase> <!-- GetSignatoriesByDepartment -->
  <testcase classname="testcases.RestAssured_TestCases_PL2" name="cancelAppointmentTest" time="0.0">
    <skipped/>
  </testcase> <!-- cancelAppointmentTest -->
</testsuite> <!-- Test -->
